0 info it worked if it ends with ok
1 verbose cli [ '/usr/local/bin/node',
1 verbose cli   '/usr/local/lib/node_modules/cnpm/node_modules/.bin/npm',
1 verbose cli   '--userconfig=/Users/macbook-hyf/.cnpmrc',
1 verbose cli   '--disturl=https://npm.taobao.org/mirrors/node',
1 verbose cli   '--cache=/Users/macbook-hyf/.cnpm',
1 verbose cli   '--registry=https://registry.npm.taobao.org',
1 verbose cli   '--node-gyp=/usr/local/lib/node_modules/cnpm/node_modules/pangyp/bin/node-gyp.js',
1 verbose cli   'install',
1 verbose cli   '-g',
1 verbose cli   'ios-delpoy' ]
2 info using npm@2.13.5
3 info using node@v4.1.1
4 verbose install initial load of /usr/local/lib/package.json
5 verbose readDependencies loading dependencies from /usr/local/lib/package.json
6 silly cache add args [ 'ios-delpoy', null ]
7 verbose cache add spec ios-delpoy
8 silly cache add parsed spec Result {
8 silly cache add   raw: 'ios-delpoy',
8 silly cache add   scope: null,
8 silly cache add   name: 'ios-delpoy',
8 silly cache add   rawSpec: '',
8 silly cache add   spec: '*',
8 silly cache add   type: 'range' }
9 silly addNamed ios-delpoy@*
10 verbose addNamed "*" is a valid semver range for ios-delpoy
11 silly addNameRange { name: 'ios-delpoy', range: '*', hasData: false }
12 silly mapToRegistry name ios-delpoy
13 silly mapToRegistry using default registry
14 silly mapToRegistry registry https://registry.npm.taobao.org/
15 silly mapToRegistry uri https://registry.npm.taobao.org/ios-delpoy
16 verbose addNameRange registry:https://registry.npm.taobao.org/ios-delpoy not in flight; fetching
17 verbose request uri https://registry.npm.taobao.org/ios-delpoy
18 verbose request no auth needed
19 info attempt registry request try #1 at 13:40:16
20 verbose request id 314f15c03f585f56
21 http request GET https://registry.npm.taobao.org/ios-delpoy
22 info retry will retry, error on last attempt: Error: getaddrinfo ENOTFOUND registry.npm.taobao.org registry.npm.taobao.org:443
23 info attempt registry request try #2 at 13:40:56
24 http request GET https://registry.npm.taobao.org/ios-delpoy
25 info retry will retry, error on last attempt: Error: getaddrinfo ENOTFOUND registry.npm.taobao.org registry.npm.taobao.org:443
26 info attempt registry request try #3 at 13:42:26
27 http request GET https://registry.npm.taobao.org/ios-delpoy
28 verbose stack Error: getaddrinfo ENOTFOUND registry.npm.taobao.org registry.npm.taobao.org:443
28 verbose stack     at errnoException (dns.js:25:10)
28 verbose stack     at GetAddrInfoReqWrap.onlookup [as oncomplete] (dns.js:76:26)
29 verbose cwd /Users/macbook-hyf/Work/前端培训练习/第1季/demo4
30 error Darwin 15.0.0
31 error argv "/usr/local/bin/node" "/usr/local/lib/node_modules/cnpm/node_modules/.bin/npm" "--userconfig=/Users/macbook-hyf/.cnpmrc" "--disturl=https://npm.taobao.org/mirrors/node" "--cache=/Users/macbook-hyf/.cnpm" "--registry=https://registry.npm.taobao.org" "--node-gyp=/usr/local/lib/node_modules/cnpm/node_modules/pangyp/bin/node-gyp.js" "install" "-g" "ios-delpoy"
32 error node v4.1.1
33 error npm  v2.13.5
34 error code ENOTFOUND
35 error errno ENOTFOUND
36 error syscall getaddrinfo
37 error network getaddrinfo ENOTFOUND registry.npm.taobao.org registry.npm.taobao.org:443
37 error network This is most likely not a problem with npm itself
37 error network and is related to network connectivity.
37 error network In most cases you are behind a proxy or have bad network settings.
37 error network
37 error network If you are behind a proxy, please make sure that the
37 error network 'proxy' config is set properly.  See: 'npm help config'
38 verbose exit [ 1, true ]
